DEB [20250526-12:03:37.554] thr=1   paramiko.transport: starting thread (client mode): 0x250c6e0
DEB [20250526-12:03:37.554] thr=1   paramiko.transport: Local version/idstring: SSH-2.0-paramiko_3.5.1
DEB [20250526-12:03:37.609] thr=1   paramiko.transport: Remote version/idstring: SSH-2.0-OpenSSH_8.4p1 Debian-5+deb11u4
INF [20250526-12:03:37.609] thr=1   paramiko.transport: Connected (version 2.0, client OpenSSH_8.4p1)
DEB [20250526-12:03:37.617] thr=1   paramiko.transport: === Key exchange possibilities ===
DEB [20250526-12:03:37.618] thr=1   paramiko.transport: kex algos: curve25519-sha256, curve25519-sha256@libssh.org, ecdh-sha2-nistp256, ecdh-sha2-nistp384, ecdh-sha2-nistp521, kex-strict-s-v00@openssh.com
DEB [20250526-12:03:37.618] thr=1   paramiko.transport: server key: rsa-sha2-512, rsa-sha2-256, ssh-rsa, ecdsa-sha2-nistp256, ssh-ed25519
DEB [20250526-12:03:37.618] thr=1   paramiko.transport: client encrypt: chacha20-poly1305@openssh.com, aes128-ctr, aes192-ctr, aes256-ctr, aes128-gcm@openssh.com, aes256-gcm@openssh.com
DEB [20250526-12:03:37.618] thr=1   paramiko.transport: server encrypt: chacha20-poly1305@openssh.com, aes128-ctr, aes192-ctr, aes256-ctr, aes128-gcm@openssh.com, aes256-gcm@openssh.com
DEB [20250526-12:03:37.618] thr=1   paramiko.transport: client mac: hmac-sha2-256-etm@openssh.com, hmac-sha2-512-etm@openssh.com, hmac-sha2-256, hmac-sha2-512
DEB [20250526-12:03:37.618] thr=1   paramiko.transport: server mac: hmac-sha2-256-etm@openssh.com, hmac-sha2-512-etm@openssh.com, hmac-sha2-256, hmac-sha2-512
DEB [20250526-12:03:37.618] thr=1   paramiko.transport: client compress: none, zlib@openssh.com
DEB [20250526-12:03:37.618] thr=1   paramiko.transport: server compress: none, zlib@openssh.com
DEB [20250526-12:03:37.618] thr=1   paramiko.transport: client lang: <none>
DEB [20250526-12:03:37.618] thr=1   paramiko.transport: server lang: <none>
DEB [20250526-12:03:37.618] thr=1   paramiko.transport: kex follows: False
DEB [20250526-12:03:37.618] thr=1   paramiko.transport: === Key exchange agreements ===
DEB [20250526-12:03:37.618] thr=1   paramiko.transport: Strict kex mode: True
DEB [20250526-12:03:37.618] thr=1   paramiko.transport: Kex: curve25519-sha256@libssh.org
DEB [20250526-12:03:37.618] thr=1   paramiko.transport: HostKey: ssh-ed25519
DEB [20250526-12:03:37.618] thr=1   paramiko.transport: Cipher: aes128-ctr
DEB [20250526-12:03:37.618] thr=1   paramiko.transport: MAC: hmac-sha2-256
DEB [20250526-12:03:37.618] thr=1   paramiko.transport: Compression: none
DEB [20250526-12:03:37.618] thr=1   paramiko.transport: === End of kex handshake ===
DEB [20250526-12:03:37.642] thr=1   paramiko.transport: Resetting outbound seqno after NEWKEYS due to strict mode
DEB [20250526-12:03:37.642] thr=1   paramiko.transport: kex engine KexCurve25519 specified hash_algo <built-in function openssl_sha256>
DEB [20250526-12:03:37.643] thr=1   paramiko.transport: Switch to new keys ...
DEB [20250526-12:03:37.643] thr=1   paramiko.transport: Resetting inbound seqno after NEWKEYS due to strict mode
DEB [20250526-12:03:37.643] thr=1   paramiko.transport: Got EXT_INFO: {'server-sig-algs': b'ssh-ed25519,sk-ssh-ed25519@openssh.com,ssh-rsa,rsa-sha2-256,rsa-sha2-512,ssh-dss,ecdsa-sha2-nistp256,ecdsa-sha2-nistp384,ecdsa-sha2-nistp521,sk-ecdsa-sha2-nistp256@openssh.com,webauthn-sk-ecdsa-sha2-nistp256@openssh.com'}
DEB [20250526-12:03:37.696] thr=1   paramiko.transport: userauth is OK
DEB [20250526-12:03:37.706] thr=1   paramiko.transport: Authentication type (password) not permitted.
DEB [20250526-12:03:37.706] thr=1   paramiko.transport: Allowed methods: ['publickey', 'keyboard-interactive']
DEB [20250526-12:03:37.710] thr=1   paramiko.transport: userauth is OK
INF [20250526-12:03:39.673] thr=1   paramiko.transport: Authentication (keyboard-interactive) failed.
DEB [20250526-12:04:27.571] thr=1   paramiko.transport: starting thread (client mode): 0x47e0440
DEB [20250526-12:04:27.571] thr=1   paramiko.transport: Local version/idstring: SSH-2.0-paramiko_3.5.1
DEB [20250526-12:04:27.596] thr=1   paramiko.transport: Remote version/idstring: SSH-2.0-OpenSSH_8.4p1 Debian-5+deb11u4
INF [20250526-12:04:27.596] thr=1   paramiko.transport: Connected (version 2.0, client OpenSSH_8.4p1)
DEB [20250526-12:04:27.598] thr=1   paramiko.transport: === Key exchange possibilities ===
DEB [20250526-12:04:27.598] thr=1   paramiko.transport: kex algos: curve25519-sha256, curve25519-sha256@libssh.org, ecdh-sha2-nistp256, ecdh-sha2-nistp384, ecdh-sha2-nistp521, kex-strict-s-v00@openssh.com
DEB [20250526-12:04:27.598] thr=1   paramiko.transport: server key: rsa-sha2-512, rsa-sha2-256, ssh-rsa, ecdsa-sha2-nistp256, ssh-ed25519
DEB [20250526-12:04:27.598] thr=1   paramiko.transport: client encrypt: chacha20-poly1305@openssh.com, aes128-ctr, aes192-ctr, aes256-ctr, aes128-gcm@openssh.com, aes256-gcm@openssh.com
DEB [20250526-12:04:27.598] thr=1   paramiko.transport: server encrypt: chacha20-poly1305@openssh.com, aes128-ctr, aes192-ctr, aes256-ctr, aes128-gcm@openssh.com, aes256-gcm@openssh.com
DEB [20250526-12:04:27.598] thr=1   paramiko.transport: client mac: hmac-sha2-256-etm@openssh.com, hmac-sha2-512-etm@openssh.com, hmac-sha2-256, hmac-sha2-512
DEB [20250526-12:04:27.598] thr=1   paramiko.transport: server mac: hmac-sha2-256-etm@openssh.com, hmac-sha2-512-etm@openssh.com, hmac-sha2-256, hmac-sha2-512
DEB [20250526-12:04:27.598] thr=1   paramiko.transport: client compress: none, zlib@openssh.com
DEB [20250526-12:04:27.598] thr=1   paramiko.transport: server compress: none, zlib@openssh.com
DEB [20250526-12:04:27.598] thr=1   paramiko.transport: client lang: <none>
DEB [20250526-12:04:27.598] thr=1   paramiko.transport: server lang: <none>
DEB [20250526-12:04:27.598] thr=1   paramiko.transport: kex follows: False
DEB [20250526-12:04:27.598] thr=1   paramiko.transport: === Key exchange agreements ===
DEB [20250526-12:04:27.598] thr=1   paramiko.transport: Strict kex mode: True
DEB [20250526-12:04:27.598] thr=1   paramiko.transport: Kex: curve25519-sha256@libssh.org
DEB [20250526-12:04:27.598] thr=1   paramiko.transport: HostKey: ssh-ed25519
DEB [20250526-12:04:27.598] thr=1   paramiko.transport: Cipher: aes128-ctr
DEB [20250526-12:04:27.598] thr=1   paramiko.transport: MAC: hmac-sha2-256
DEB [20250526-12:04:27.598] thr=1   paramiko.transport: Compression: none
DEB [20250526-12:04:27.598] thr=1   paramiko.transport: === End of kex handshake ===
DEB [20250526-12:04:27.662] thr=1   paramiko.transport: Resetting outbound seqno after NEWKEYS due to strict mode
DEB [20250526-12:04:27.662] thr=1   paramiko.transport: kex engine KexCurve25519 specified hash_algo <built-in function openssl_sha256>
DEB [20250526-12:04:27.663] thr=1   paramiko.transport: Switch to new keys ...
DEB [20250526-12:04:27.663] thr=1   paramiko.transport: Resetting inbound seqno after NEWKEYS due to strict mode
DEB [20250526-12:04:27.664] thr=1   paramiko.transport: Got EXT_INFO: {'server-sig-algs': b'ssh-ed25519,sk-ssh-ed25519@openssh.com,ssh-rsa,rsa-sha2-256,rsa-sha2-512,ssh-dss,ecdsa-sha2-nistp256,ecdsa-sha2-nistp384,ecdsa-sha2-nistp521,sk-ecdsa-sha2-nistp256@openssh.com,webauthn-sk-ecdsa-sha2-nistp256@openssh.com'}
DEB [20250526-12:04:27.725] thr=1   paramiko.transport: userauth is OK
DEB [20250526-12:04:27.735] thr=1   paramiko.transport: Authentication type (password) not permitted.
DEB [20250526-12:04:27.736] thr=1   paramiko.transport: Allowed methods: ['publickey', 'keyboard-interactive']
DEB [20250526-12:04:27.739] thr=1   paramiko.transport: userauth is OK
INF [20250526-12:04:27.871] thr=1   paramiko.transport: Authentication (keyboard-interactive) successful!
DEB [20250526-12:04:27.871] thr=2   paramiko.transport: [chan 0] Max packet in: 32768 bytes
DEB [20250526-12:04:27.926] thr=1   paramiko.transport: Received global request "hostkeys-00@openssh.com"
DEB [20250526-12:04:27.926] thr=1   paramiko.transport: Rejecting "hostkeys-00@openssh.com" global request from server.
DEB [20250526-12:04:27.930] thr=1   paramiko.transport: [chan 0] Max packet out: 32768 bytes
DEB [20250526-12:04:27.930] thr=1   paramiko.transport: Secsh channel 0 opened.
DEB [20250526-12:04:27.934] thr=1   paramiko.transport: [chan 0] Sesch channel 0 request ok
DEB [20250526-12:04:27.938] thr=1   paramiko.transport: [chan 0] Sesch channel 0 request ok
DEB [20250526-12:10:20.900] thr=1   paramiko.transport: starting thread (client mode): 0x7afc440
DEB [20250526-12:10:20.900] thr=1   paramiko.transport: Local version/idstring: SSH-2.0-paramiko_3.5.1
DEB [20250526-12:10:20.924] thr=1   paramiko.transport: Remote version/idstring: SSH-2.0-OpenSSH_8.4p1 Debian-5+deb11u4
INF [20250526-12:10:20.924] thr=1   paramiko.transport: Connected (version 2.0, client OpenSSH_8.4p1)
DEB [20250526-12:10:20.926] thr=1   paramiko.transport: === Key exchange possibilities ===
DEB [20250526-12:10:20.926] thr=1   paramiko.transport: kex algos: curve25519-sha256, curve25519-sha256@libssh.org, ecdh-sha2-nistp256, ecdh-sha2-nistp384, ecdh-sha2-nistp521, kex-strict-s-v00@openssh.com
DEB [20250526-12:10:20.926] thr=1   paramiko.transport: server key: rsa-sha2-512, rsa-sha2-256, ssh-rsa, ecdsa-sha2-nistp256, ssh-ed25519
DEB [20250526-12:10:20.926] thr=1   paramiko.transport: client encrypt: chacha20-poly1305@openssh.com, aes128-ctr, aes192-ctr, aes256-ctr, aes128-gcm@openssh.com, aes256-gcm@openssh.com
DEB [20250526-12:10:20.926] thr=1   paramiko.transport: server encrypt: chacha20-poly1305@openssh.com, aes128-ctr, aes192-ctr, aes256-ctr, aes128-gcm@openssh.com, aes256-gcm@openssh.com
DEB [20250526-12:10:20.926] thr=1   paramiko.transport: client mac: hmac-sha2-256-etm@openssh.com, hmac-sha2-512-etm@openssh.com, hmac-sha2-256, hmac-sha2-512
DEB [20250526-12:10:20.926] thr=1   paramiko.transport: server mac: hmac-sha2-256-etm@openssh.com, hmac-sha2-512-etm@openssh.com, hmac-sha2-256, hmac-sha2-512
DEB [20250526-12:10:20.926] thr=1   paramiko.transport: client compress: none, zlib@openssh.com
DEB [20250526-12:10:20.926] thr=1   paramiko.transport: server compress: none, zlib@openssh.com
DEB [20250526-12:10:20.926] thr=1   paramiko.transport: client lang: <none>
DEB [20250526-12:10:20.926] thr=1   paramiko.transport: server lang: <none>
DEB [20250526-12:10:20.926] thr=1   paramiko.transport: kex follows: False
DEB [20250526-12:10:20.926] thr=1   paramiko.transport: === Key exchange agreements ===
DEB [20250526-12:10:20.926] thr=1   paramiko.transport: Strict kex mode: True
DEB [20250526-12:10:20.926] thr=1   paramiko.transport: Kex: curve25519-sha256@libssh.org
DEB [20250526-12:10:20.927] thr=1   paramiko.transport: HostKey: ssh-ed25519
DEB [20250526-12:10:20.927] thr=1   paramiko.transport: Cipher: aes128-ctr
DEB [20250526-12:10:20.927] thr=1   paramiko.transport: MAC: hmac-sha2-256
DEB [20250526-12:10:20.927] thr=1   paramiko.transport: Compression: none
DEB [20250526-12:10:20.927] thr=1   paramiko.transport: === End of kex handshake ===
DEB [20250526-12:10:20.993] thr=1   paramiko.transport: Resetting outbound seqno after NEWKEYS due to strict mode
DEB [20250526-12:10:20.993] thr=1   paramiko.transport: kex engine KexCurve25519 specified hash_algo <built-in function openssl_sha256>
DEB [20250526-12:10:20.994] thr=1   paramiko.transport: Switch to new keys ...
DEB [20250526-12:10:20.994] thr=1   paramiko.transport: Resetting inbound seqno after NEWKEYS due to strict mode
DEB [20250526-12:10:20.994] thr=1   paramiko.transport: Got EXT_INFO: {'server-sig-algs': b'ssh-ed25519,sk-ssh-ed25519@openssh.com,ssh-rsa,rsa-sha2-256,rsa-sha2-512,ssh-dss,ecdsa-sha2-nistp256,ecdsa-sha2-nistp384,ecdsa-sha2-nistp521,sk-ecdsa-sha2-nistp256@openssh.com,webauthn-sk-ecdsa-sha2-nistp256@openssh.com'}
DEB [20250526-12:10:21.045] thr=1   paramiko.transport: userauth is OK
DEB [20250526-12:10:21.056] thr=1   paramiko.transport: Authentication type (password) not permitted.
DEB [20250526-12:10:21.056] thr=1   paramiko.transport: Allowed methods: ['publickey', 'keyboard-interactive']
DEB [20250526-12:10:21.060] thr=1   paramiko.transport: userauth is OK
INF [20250526-12:10:21.195] thr=1   paramiko.transport: Authentication (keyboard-interactive) successful!
DEB [20250526-12:10:21.195] thr=2   paramiko.transport: [chan 0] Max packet in: 32768 bytes
DEB [20250526-12:10:21.258] thr=1   paramiko.transport: Received global request "hostkeys-00@openssh.com"
DEB [20250526-12:10:21.258] thr=1   paramiko.transport: Rejecting "hostkeys-00@openssh.com" global request from server.
DEB [20250526-12:10:21.261] thr=1   paramiko.transport: [chan 0] Max packet out: 32768 bytes
DEB [20250526-12:10:21.261] thr=1   paramiko.transport: Secsh channel 0 opened.
DEB [20250526-12:10:21.265] thr=1   paramiko.transport: [chan 0] Sesch channel 0 request ok
DEB [20250526-12:10:21.270] thr=1   paramiko.transport: [chan 0] Sesch channel 0 request ok
DEB [20250526-12:10:21.274] thr=1   paramiko.transport: [chan 0] EOF sent (0)
DEB [20250526-12:11:31.307] thr=1   paramiko.transport: starting thread (client mode): 0x5bd8440
DEB [20250526-12:11:31.307] thr=1   paramiko.transport: Local version/idstring: SSH-2.0-paramiko_3.5.1
DEB [20250526-12:11:31.331] thr=1   paramiko.transport: Remote version/idstring: SSH-2.0-OpenSSH_8.4p1 Debian-5+deb11u4
INF [20250526-12:11:31.331] thr=1   paramiko.transport: Connected (version 2.0, client OpenSSH_8.4p1)
DEB [20250526-12:11:31.333] thr=1   paramiko.transport: === Key exchange possibilities ===
DEB [20250526-12:11:31.333] thr=1   paramiko.transport: kex algos: curve25519-sha256, curve25519-sha256@libssh.org, ecdh-sha2-nistp256, ecdh-sha2-nistp384, ecdh-sha2-nistp521, kex-strict-s-v00@openssh.com
DEB [20250526-12:11:31.333] thr=1   paramiko.transport: server key: rsa-sha2-512, rsa-sha2-256, ssh-rsa, ecdsa-sha2-nistp256, ssh-ed25519
DEB [20250526-12:11:31.333] thr=1   paramiko.transport: client encrypt: chacha20-poly1305@openssh.com, aes128-ctr, aes192-ctr, aes256-ctr, aes128-gcm@openssh.com, aes256-gcm@openssh.com
DEB [20250526-12:11:31.333] thr=1   paramiko.transport: server encrypt: chacha20-poly1305@openssh.com, aes128-ctr, aes192-ctr, aes256-ctr, aes128-gcm@openssh.com, aes256-gcm@openssh.com
DEB [20250526-12:11:31.333] thr=1   paramiko.transport: client mac: hmac-sha2-256-etm@openssh.com, hmac-sha2-512-etm@openssh.com, hmac-sha2-256, hmac-sha2-512
DEB [20250526-12:11:31.333] thr=1   paramiko.transport: server mac: hmac-sha2-256-etm@openssh.com, hmac-sha2-512-etm@openssh.com, hmac-sha2-256, hmac-sha2-512
DEB [20250526-12:11:31.333] thr=1   paramiko.transport: client compress: none, zlib@openssh.com
DEB [20250526-12:11:31.333] thr=1   paramiko.transport: server compress: none, zlib@openssh.com
DEB [20250526-12:11:31.333] thr=1   paramiko.transport: client lang: <none>
DEB [20250526-12:11:31.333] thr=1   paramiko.transport: server lang: <none>
DEB [20250526-12:11:31.333] thr=1   paramiko.transport: kex follows: False
DEB [20250526-12:11:31.333] thr=1   paramiko.transport: === Key exchange agreements ===
DEB [20250526-12:11:31.333] thr=1   paramiko.transport: Strict kex mode: True
DEB [20250526-12:11:31.333] thr=1   paramiko.transport: Kex: curve25519-sha256@libssh.org
DEB [20250526-12:11:31.333] thr=1   paramiko.transport: HostKey: ssh-ed25519
DEB [20250526-12:11:31.333] thr=1   paramiko.transport: Cipher: aes128-ctr
DEB [20250526-12:11:31.333] thr=1   paramiko.transport: MAC: hmac-sha2-256
DEB [20250526-12:11:31.333] thr=1   paramiko.transport: Compression: none
DEB [20250526-12:11:31.333] thr=1   paramiko.transport: === End of kex handshake ===
DEB [20250526-12:11:31.402] thr=1   paramiko.transport: Resetting outbound seqno after NEWKEYS due to strict mode
DEB [20250526-12:11:31.402] thr=1   paramiko.transport: kex engine KexCurve25519 specified hash_algo <built-in function openssl_sha256>
DEB [20250526-12:11:31.403] thr=1   paramiko.transport: Switch to new keys ...
DEB [20250526-12:11:31.403] thr=1   paramiko.transport: Resetting inbound seqno after NEWKEYS due to strict mode
DEB [20250526-12:11:31.403] thr=1   paramiko.transport: Got EXT_INFO: {'server-sig-algs': b'ssh-ed25519,sk-ssh-ed25519@openssh.com,ssh-rsa,rsa-sha2-256,rsa-sha2-512,ssh-dss,ecdsa-sha2-nistp256,ecdsa-sha2-nistp384,ecdsa-sha2-nistp521,sk-ecdsa-sha2-nistp256@openssh.com,webauthn-sk-ecdsa-sha2-nistp256@openssh.com'}
DEB [20250526-12:11:31.455] thr=1   paramiko.transport: userauth is OK
DEB [20250526-12:11:31.467] thr=1   paramiko.transport: Authentication type (password) not permitted.
DEB [20250526-12:11:31.467] thr=1   paramiko.transport: Allowed methods: ['publickey', 'keyboard-interactive']
DEB [20250526-12:11:31.470] thr=1   paramiko.transport: userauth is OK
INF [20250526-12:11:31.606] thr=1   paramiko.transport: Authentication (keyboard-interactive) successful!
DEB [20250526-12:11:31.607] thr=2   paramiko.transport: [chan 0] Max packet in: 32768 bytes
DEB [20250526-12:11:31.664] thr=1   paramiko.transport: Received global request "hostkeys-00@openssh.com"
DEB [20250526-12:11:31.664] thr=1   paramiko.transport: Rejecting "hostkeys-00@openssh.com" global request from server.
DEB [20250526-12:11:31.667] thr=1   paramiko.transport: [chan 0] Max packet out: 32768 bytes
DEB [20250526-12:11:31.667] thr=1   paramiko.transport: Secsh channel 0 opened.
DEB [20250526-12:11:31.671] thr=1   paramiko.transport: [chan 0] Sesch channel 0 request ok
DEB [20250526-12:11:31.671] thr=2   paramiko.transport: [chan 0] EOF sent (0)
DEB [20250526-12:12:44.306] thr=1   paramiko.transport: starting thread (client mode): 0x67c8440
DEB [20250526-12:12:44.306] thr=1   paramiko.transport: Local version/idstring: SSH-2.0-paramiko_3.5.1
DEB [20250526-12:12:44.334] thr=1   paramiko.transport: Remote version/idstring: SSH-2.0-OpenSSH_8.4p1 Debian-5+deb11u4
INF [20250526-12:12:44.334] thr=1   paramiko.transport: Connected (version 2.0, client OpenSSH_8.4p1)
DEB [20250526-12:12:44.336] thr=1   paramiko.transport: === Key exchange possibilities ===
DEB [20250526-12:12:44.336] thr=1   paramiko.transport: kex algos: curve25519-sha256, curve25519-sha256@libssh.org, ecdh-sha2-nistp256, ecdh-sha2-nistp384, ecdh-sha2-nistp521, kex-strict-s-v00@openssh.com
DEB [20250526-12:12:44.336] thr=1   paramiko.transport: server key: rsa-sha2-512, rsa-sha2-256, ssh-rsa, ecdsa-sha2-nistp256, ssh-ed25519
DEB [20250526-12:12:44.336] thr=1   paramiko.transport: client encrypt: chacha20-poly1305@openssh.com, aes128-ctr, aes192-ctr, aes256-ctr, aes128-gcm@openssh.com, aes256-gcm@openssh.com
DEB [20250526-12:12:44.336] thr=1   paramiko.transport: server encrypt: chacha20-poly1305@openssh.com, aes128-ctr, aes192-ctr, aes256-ctr, aes128-gcm@openssh.com, aes256-gcm@openssh.com
DEB [20250526-12:12:44.336] thr=1   paramiko.transport: client mac: hmac-sha2-256-etm@openssh.com, hmac-sha2-512-etm@openssh.com, hmac-sha2-256, hmac-sha2-512
DEB [20250526-12:12:44.336] thr=1   paramiko.transport: server mac: hmac-sha2-256-etm@openssh.com, hmac-sha2-512-etm@openssh.com, hmac-sha2-256, hmac-sha2-512
DEB [20250526-12:12:44.336] thr=1   paramiko.transport: client compress: none, zlib@openssh.com
DEB [20250526-12:12:44.336] thr=1   paramiko.transport: server compress: none, zlib@openssh.com
DEB [20250526-12:12:44.336] thr=1   paramiko.transport: client lang: <none>
DEB [20250526-12:12:44.336] thr=1   paramiko.transport: server lang: <none>
DEB [20250526-12:12:44.336] thr=1   paramiko.transport: kex follows: False
DEB [20250526-12:12:44.336] thr=1   paramiko.transport: === Key exchange agreements ===
DEB [20250526-12:12:44.336] thr=1   paramiko.transport: Strict kex mode: True
DEB [20250526-12:12:44.336] thr=1   paramiko.transport: Kex: curve25519-sha256@libssh.org
DEB [20250526-12:12:44.336] thr=1   paramiko.transport: HostKey: ssh-ed25519
DEB [20250526-12:12:44.336] thr=1   paramiko.transport: Cipher: aes128-ctr
DEB [20250526-12:12:44.336] thr=1   paramiko.transport: MAC: hmac-sha2-256
DEB [20250526-12:12:44.336] thr=1   paramiko.transport: Compression: none
DEB [20250526-12:12:44.336] thr=1   paramiko.transport: === End of kex handshake ===
DEB [20250526-12:12:44.403] thr=1   paramiko.transport: Resetting outbound seqno after NEWKEYS due to strict mode
DEB [20250526-12:12:44.403] thr=1   paramiko.transport: kex engine KexCurve25519 specified hash_algo <built-in function openssl_sha256>
DEB [20250526-12:12:44.404] thr=1   paramiko.transport: Switch to new keys ...
DEB [20250526-12:12:44.404] thr=1   paramiko.transport: Resetting inbound seqno after NEWKEYS due to strict mode
DEB [20250526-12:12:44.404] thr=1   paramiko.transport: Got EXT_INFO: {'server-sig-algs': b'ssh-ed25519,sk-ssh-ed25519@openssh.com,ssh-rsa,rsa-sha2-256,rsa-sha2-512,ssh-dss,ecdsa-sha2-nistp256,ecdsa-sha2-nistp384,ecdsa-sha2-nistp521,sk-ecdsa-sha2-nistp256@openssh.com,webauthn-sk-ecdsa-sha2-nistp256@openssh.com'}
DEB [20250526-12:12:44.467] thr=1   paramiko.transport: userauth is OK
DEB [20250526-12:12:44.478] thr=1   paramiko.transport: Authentication type (password) not permitted.
DEB [20250526-12:12:44.478] thr=1   paramiko.transport: Allowed methods: ['publickey', 'keyboard-interactive']
DEB [20250526-12:12:44.481] thr=1   paramiko.transport: userauth is OK
INF [20250526-12:12:44.621] thr=1   paramiko.transport: Authentication (keyboard-interactive) successful!
DEB [20250526-12:12:44.621] thr=2   paramiko.transport: [chan 0] Max packet in: 32768 bytes
DEB [20250526-12:12:44.712] thr=1   paramiko.transport: Received global request "hostkeys-00@openssh.com"
DEB [20250526-12:12:44.712] thr=1   paramiko.transport: Rejecting "hostkeys-00@openssh.com" global request from server.
DEB [20250526-12:12:44.715] thr=1   paramiko.transport: [chan 0] Max packet out: 32768 bytes
DEB [20250526-12:12:44.715] thr=1   paramiko.transport: Secsh channel 0 opened.
DEB [20250526-12:12:44.719] thr=1   paramiko.transport: [chan 0] Sesch channel 0 request ok
DEB [20250526-12:12:44.719] thr=2   paramiko.transport: [chan 0] EOF sent (0)
DEB [20250526-12:13:56.154] thr=1   paramiko.transport: starting thread (client mode): 0x4390440
DEB [20250526-12:13:56.155] thr=1   paramiko.transport: Local version/idstring: SSH-2.0-paramiko_3.5.1
DEB [20250526-12:13:56.178] thr=1   paramiko.transport: Remote version/idstring: SSH-2.0-OpenSSH_8.4p1 Debian-5+deb11u4
INF [20250526-12:13:56.178] thr=1   paramiko.transport: Connected (version 2.0, client OpenSSH_8.4p1)
DEB [20250526-12:13:56.180] thr=1   paramiko.transport: === Key exchange possibilities ===
DEB [20250526-12:13:56.180] thr=1   paramiko.transport: kex algos: curve25519-sha256, curve25519-sha256@libssh.org, ecdh-sha2-nistp256, ecdh-sha2-nistp384, ecdh-sha2-nistp521, kex-strict-s-v00@openssh.com
DEB [20250526-12:13:56.180] thr=1   paramiko.transport: server key: rsa-sha2-512, rsa-sha2-256, ssh-rsa, ecdsa-sha2-nistp256, ssh-ed25519
DEB [20250526-12:13:56.180] thr=1   paramiko.transport: client encrypt: chacha20-poly1305@openssh.com, aes128-ctr, aes192-ctr, aes256-ctr, aes128-gcm@openssh.com, aes256-gcm@openssh.com
DEB [20250526-12:13:56.181] thr=1   paramiko.transport: server encrypt: chacha20-poly1305@openssh.com, aes128-ctr, aes192-ctr, aes256-ctr, aes128-gcm@openssh.com, aes256-gcm@openssh.com
DEB [20250526-12:13:56.181] thr=1   paramiko.transport: client mac: hmac-sha2-256-etm@openssh.com, hmac-sha2-512-etm@openssh.com, hmac-sha2-256, hmac-sha2-512
DEB [20250526-12:13:56.181] thr=1   paramiko.transport: server mac: hmac-sha2-256-etm@openssh.com, hmac-sha2-512-etm@openssh.com, hmac-sha2-256, hmac-sha2-512
DEB [20250526-12:13:56.181] thr=1   paramiko.transport: client compress: none, zlib@openssh.com
DEB [20250526-12:13:56.181] thr=1   paramiko.transport: server compress: none, zlib@openssh.com
DEB [20250526-12:13:56.181] thr=1   paramiko.transport: client lang: <none>
DEB [20250526-12:13:56.181] thr=1   paramiko.transport: server lang: <none>
DEB [20250526-12:13:56.181] thr=1   paramiko.transport: kex follows: False
DEB [20250526-12:13:56.181] thr=1   paramiko.transport: === Key exchange agreements ===
DEB [20250526-12:13:56.181] thr=1   paramiko.transport: Strict kex mode: True
DEB [20250526-12:13:56.181] thr=1   paramiko.transport: Kex: curve25519-sha256@libssh.org
DEB [20250526-12:13:56.181] thr=1   paramiko.transport: HostKey: ssh-ed25519
DEB [20250526-12:13:56.181] thr=1   paramiko.transport: Cipher: aes128-ctr
DEB [20250526-12:13:56.181] thr=1   paramiko.transport: MAC: hmac-sha2-256
DEB [20250526-12:13:56.181] thr=1   paramiko.transport: Compression: none
DEB [20250526-12:13:56.181] thr=1   paramiko.transport: === End of kex handshake ===
DEB [20250526-12:13:56.252] thr=1   paramiko.transport: Resetting outbound seqno after NEWKEYS due to strict mode
DEB [20250526-12:13:56.252] thr=1   paramiko.transport: kex engine KexCurve25519 specified hash_algo <built-in function openssl_sha256>
DEB [20250526-12:13:56.252] thr=1   paramiko.transport: Switch to new keys ...
DEB [20250526-12:13:56.252] thr=1   paramiko.transport: Resetting inbound seqno after NEWKEYS due to strict mode
DEB [20250526-12:13:56.253] thr=1   paramiko.transport: Got EXT_INFO: {'server-sig-algs': b'ssh-ed25519,sk-ssh-ed25519@openssh.com,ssh-rsa,rsa-sha2-256,rsa-sha2-512,ssh-dss,ecdsa-sha2-nistp256,ecdsa-sha2-nistp384,ecdsa-sha2-nistp521,sk-ecdsa-sha2-nistp256@openssh.com,webauthn-sk-ecdsa-sha2-nistp256@openssh.com'}
DEB [20250526-12:13:56.305] thr=1   paramiko.transport: userauth is OK
DEB [20250526-12:13:56.316] thr=1   paramiko.transport: Authentication type (password) not permitted.
DEB [20250526-12:13:56.316] thr=1   paramiko.transport: Allowed methods: ['publickey', 'keyboard-interactive']
DEB [20250526-12:13:56.319] thr=1   paramiko.transport: userauth is OK
INF [20250526-12:13:56.458] thr=1   paramiko.transport: Authentication (keyboard-interactive) successful!
DEB [20250526-12:13:56.459] thr=2   paramiko.transport: [chan 0] Max packet in: 32768 bytes
DEB [20250526-12:13:56.518] thr=1   paramiko.transport: Received global request "hostkeys-00@openssh.com"
DEB [20250526-12:13:56.518] thr=1   paramiko.transport: Rejecting "hostkeys-00@openssh.com" global request from server.
DEB [20250526-12:13:56.521] thr=1   paramiko.transport: [chan 0] Max packet out: 32768 bytes
DEB [20250526-12:13:56.521] thr=1   paramiko.transport: Secsh channel 0 opened.
DEB [20250526-12:13:56.525] thr=1   paramiko.transport: [chan 0] Sesch channel 0 request ok
DEB [20250526-12:13:56.525] thr=2   paramiko.transport: [chan 0] EOF sent (0)
DEB [20250526-12:14:37.711] thr=1   paramiko.transport: starting thread (client mode): 0x6448440
DEB [20250526-12:14:37.711] thr=1   paramiko.transport: Local version/idstring: SSH-2.0-paramiko_3.5.1
DEB [20250526-12:14:37.737] thr=1   paramiko.transport: Remote version/idstring: SSH-2.0-OpenSSH_8.4p1 Debian-5+deb11u4
INF [20250526-12:14:37.737] thr=1   paramiko.transport: Connected (version 2.0, client OpenSSH_8.4p1)
DEB [20250526-12:14:37.739] thr=1   paramiko.transport: === Key exchange possibilities ===
DEB [20250526-12:14:37.739] thr=1   paramiko.transport: kex algos: curve25519-sha256, curve25519-sha256@libssh.org, ecdh-sha2-nistp256, ecdh-sha2-nistp384, ecdh-sha2-nistp521, kex-strict-s-v00@openssh.com
DEB [20250526-12:14:37.739] thr=1   paramiko.transport: server key: rsa-sha2-512, rsa-sha2-256, ssh-rsa, ecdsa-sha2-nistp256, ssh-ed25519
DEB [20250526-12:14:37.739] thr=1   paramiko.transport: client encrypt: chacha20-poly1305@openssh.com, aes128-ctr, aes192-ctr, aes256-ctr, aes128-gcm@openssh.com, aes256-gcm@openssh.com
DEB [20250526-12:14:37.739] thr=1   paramiko.transport: server encrypt: chacha20-poly1305@openssh.com, aes128-ctr, aes192-ctr, aes256-ctr, aes128-gcm@openssh.com, aes256-gcm@openssh.com
DEB [20250526-12:14:37.739] thr=1   paramiko.transport: client mac: hmac-sha2-256-etm@openssh.com, hmac-sha2-512-etm@openssh.com, hmac-sha2-256, hmac-sha2-512
DEB [20250526-12:14:37.739] thr=1   paramiko.transport: server mac: hmac-sha2-256-etm@openssh.com, hmac-sha2-512-etm@openssh.com, hmac-sha2-256, hmac-sha2-512
DEB [20250526-12:14:37.739] thr=1   paramiko.transport: client compress: none, zlib@openssh.com
DEB [20250526-12:14:37.739] thr=1   paramiko.transport: server compress: none, zlib@openssh.com
DEB [20250526-12:14:37.739] thr=1   paramiko.transport: client lang: <none>
DEB [20250526-12:14:37.739] thr=1   paramiko.transport: server lang: <none>
DEB [20250526-12:14:37.739] thr=1   paramiko.transport: kex follows: False
DEB [20250526-12:14:37.739] thr=1   paramiko.transport: === Key exchange agreements ===
DEB [20250526-12:14:37.739] thr=1   paramiko.transport: Strict kex mode: True
DEB [20250526-12:14:37.739] thr=1   paramiko.transport: Kex: curve25519-sha256@libssh.org
DEB [20250526-12:14:37.740] thr=1   paramiko.transport: HostKey: ssh-ed25519
DEB [20250526-12:14:37.740] thr=1   paramiko.transport: Cipher: aes128-ctr
DEB [20250526-12:14:37.740] thr=1   paramiko.transport: MAC: hmac-sha2-256
DEB [20250526-12:14:37.740] thr=1   paramiko.transport: Compression: none
DEB [20250526-12:14:37.740] thr=1   paramiko.transport: === End of kex handshake ===
DEB [20250526-12:14:37.809] thr=1   paramiko.transport: Resetting outbound seqno after NEWKEYS due to strict mode
DEB [20250526-12:14:37.809] thr=1   paramiko.transport: kex engine KexCurve25519 specified hash_algo <built-in function openssl_sha256>
DEB [20250526-12:14:37.809] thr=1   paramiko.transport: Switch to new keys ...
DEB [20250526-12:14:37.809] thr=1   paramiko.transport: Resetting inbound seqno after NEWKEYS due to strict mode
DEB [20250526-12:14:37.810] thr=1   paramiko.transport: Got EXT_INFO: {'server-sig-algs': b'ssh-ed25519,sk-ssh-ed25519@openssh.com,ssh-rsa,rsa-sha2-256,rsa-sha2-512,ssh-dss,ecdsa-sha2-nistp256,ecdsa-sha2-nistp384,ecdsa-sha2-nistp521,sk-ecdsa-sha2-nistp256@openssh.com,webauthn-sk-ecdsa-sha2-nistp256@openssh.com'}
DEB [20250526-12:14:37.855] thr=1   paramiko.transport: userauth is OK
DEB [20250526-12:14:37.866] thr=1   paramiko.transport: Authentication type (password) not permitted.
DEB [20250526-12:14:37.866] thr=1   paramiko.transport: Allowed methods: ['publickey', 'keyboard-interactive']
DEB [20250526-12:14:37.870] thr=1   paramiko.transport: userauth is OK
INF [20250526-12:14:38.010] thr=1   paramiko.transport: Authentication (keyboard-interactive) successful!
DEB [20250526-12:14:38.010] thr=2   paramiko.transport: [chan 0] Max packet in: 32768 bytes
DEB [20250526-12:14:38.072] thr=1   paramiko.transport: Received global request "hostkeys-00@openssh.com"
DEB [20250526-12:14:38.072] thr=1   paramiko.transport: Rejecting "hostkeys-00@openssh.com" global request from server.
DEB [20250526-12:14:38.074] thr=1   paramiko.transport: [chan 0] Max packet out: 32768 bytes
DEB [20250526-12:14:38.074] thr=1   paramiko.transport: Secsh channel 0 opened.
DEB [20250526-12:14:38.078] thr=1   paramiko.transport: [chan 0] Sesch channel 0 request ok
DEB [20250526-12:14:38.078] thr=2   paramiko.transport: [chan 0] EOF sent (0)
DEB [20250526-12:19:48.045] thr=1   paramiko.transport: starting thread (client mode): 0x3e4c440
DEB [20250526-12:19:48.046] thr=1   paramiko.transport: Local version/idstring: SSH-2.0-paramiko_3.5.1
DEB [20250526-12:19:48.070] thr=1   paramiko.transport: Remote version/idstring: SSH-2.0-OpenSSH_8.4p1 Debian-5+deb11u4
INF [20250526-12:19:48.070] thr=1   paramiko.transport: Connected (version 2.0, client OpenSSH_8.4p1)
DEB [20250526-12:19:48.072] thr=1   paramiko.transport: === Key exchange possibilities ===
DEB [20250526-12:19:48.072] thr=1   paramiko.transport: kex algos: curve25519-sha256, curve25519-sha256@libssh.org, ecdh-sha2-nistp256, ecdh-sha2-nistp384, ecdh-sha2-nistp521, kex-strict-s-v00@openssh.com
DEB [20250526-12:19:48.072] thr=1   paramiko.transport: server key: rsa-sha2-512, rsa-sha2-256, ssh-rsa, ecdsa-sha2-nistp256, ssh-ed25519
DEB [20250526-12:19:48.072] thr=1   paramiko.transport: client encrypt: chacha20-poly1305@openssh.com, aes128-ctr, aes192-ctr, aes256-ctr, aes128-gcm@openssh.com, aes256-gcm@openssh.com
DEB [20250526-12:19:48.072] thr=1   paramiko.transport: server encrypt: chacha20-poly1305@openssh.com, aes128-ctr, aes192-ctr, aes256-ctr, aes128-gcm@openssh.com, aes256-gcm@openssh.com
DEB [20250526-12:19:48.072] thr=1   paramiko.transport: client mac: hmac-sha2-256-etm@openssh.com, hmac-sha2-512-etm@openssh.com, hmac-sha2-256, hmac-sha2-512
DEB [20250526-12:19:48.072] thr=1   paramiko.transport: server mac: hmac-sha2-256-etm@openssh.com, hmac-sha2-512-etm@openssh.com, hmac-sha2-256, hmac-sha2-512
DEB [20250526-12:19:48.072] thr=1   paramiko.transport: client compress: none, zlib@openssh.com
DEB [20250526-12:19:48.072] thr=1   paramiko.transport: server compress: none, zlib@openssh.com
DEB [20250526-12:19:48.072] thr=1   paramiko.transport: client lang: <none>
DEB [20250526-12:19:48.072] thr=1   paramiko.transport: server lang: <none>
DEB [20250526-12:19:48.072] thr=1   paramiko.transport: kex follows: False
DEB [20250526-12:19:48.072] thr=1   paramiko.transport: === Key exchange agreements ===
DEB [20250526-12:19:48.072] thr=1   paramiko.transport: Strict kex mode: True
DEB [20250526-12:19:48.072] thr=1   paramiko.transport: Kex: curve25519-sha256@libssh.org
DEB [20250526-12:19:48.072] thr=1   paramiko.transport: HostKey: ssh-ed25519
DEB [20250526-12:19:48.072] thr=1   paramiko.transport: Cipher: aes128-ctr
DEB [20250526-12:19:48.072] thr=1   paramiko.transport: MAC: hmac-sha2-256
DEB [20250526-12:19:48.072] thr=1   paramiko.transport: Compression: none
DEB [20250526-12:19:48.072] thr=1   paramiko.transport: === End of kex handshake ===
DEB [20250526-12:19:48.143] thr=1   paramiko.transport: Resetting outbound seqno after NEWKEYS due to strict mode
DEB [20250526-12:19:48.143] thr=1   paramiko.transport: kex engine KexCurve25519 specified hash_algo <built-in function openssl_sha256>
DEB [20250526-12:19:48.144] thr=1   paramiko.transport: Switch to new keys ...
DEB [20250526-12:19:48.144] thr=1   paramiko.transport: Resetting inbound seqno after NEWKEYS due to strict mode
DEB [20250526-12:19:48.144] thr=1   paramiko.transport: Got EXT_INFO: {'server-sig-algs': b'ssh-ed25519,sk-ssh-ed25519@openssh.com,ssh-rsa,rsa-sha2-256,rsa-sha2-512,ssh-dss,ecdsa-sha2-nistp256,ecdsa-sha2-nistp384,ecdsa-sha2-nistp521,sk-ecdsa-sha2-nistp256@openssh.com,webauthn-sk-ecdsa-sha2-nistp256@openssh.com'}
DEB [20250526-12:19:48.195] thr=1   paramiko.transport: userauth is OK
DEB [20250526-12:19:48.206] thr=1   paramiko.transport: Authentication type (password) not permitted.
DEB [20250526-12:19:48.206] thr=1   paramiko.transport: Allowed methods: ['publickey', 'keyboard-interactive']
DEB [20250526-12:19:48.209] thr=1   paramiko.transport: userauth is OK
INF [20250526-12:19:48.372] thr=1   paramiko.transport: Authentication (keyboard-interactive) successful!
DEB [20250526-12:19:48.372] thr=2   paramiko.transport: [chan 0] Max packet in: 32768 bytes
DEB [20250526-12:19:48.431] thr=1   paramiko.transport: Received global request "hostkeys-00@openssh.com"
DEB [20250526-12:19:48.431] thr=1   paramiko.transport: Rejecting "hostkeys-00@openssh.com" global request from server.
DEB [20250526-12:19:48.434] thr=1   paramiko.transport: [chan 0] Max packet out: 32768 bytes
DEB [20250526-12:19:48.434] thr=1   paramiko.transport: Secsh channel 0 opened.
DEB [20250526-12:19:48.438] thr=1   paramiko.transport: [chan 0] Sesch channel 0 request ok
DEB [20250526-12:19:48.446] thr=1   paramiko.transport: [chan 0] EOF received (0)
DEB [20250526-12:19:48.446] thr=2   paramiko.transport: [chan 0] EOF sent (0)
DEB [20250526-12:20:02.427] thr=1   paramiko.transport: starting thread (client mode): 0x714c440
DEB [20250526-12:20:02.427] thr=1   paramiko.transport: Local version/idstring: SSH-2.0-paramiko_3.5.1
DEB [20250526-12:20:02.450] thr=1   paramiko.transport: Remote version/idstring: SSH-2.0-OpenSSH_8.4p1 Debian-5+deb11u4
INF [20250526-12:20:02.450] thr=1   paramiko.transport: Connected (version 2.0, client OpenSSH_8.4p1)
DEB [20250526-12:20:02.454] thr=1   paramiko.transport: === Key exchange possibilities ===
DEB [20250526-12:20:02.454] thr=1   paramiko.transport: kex algos: curve25519-sha256, curve25519-sha256@libssh.org, ecdh-sha2-nistp256, ecdh-sha2-nistp384, ecdh-sha2-nistp521, kex-strict-s-v00@openssh.com
DEB [20250526-12:20:02.454] thr=1   paramiko.transport: server key: rsa-sha2-512, rsa-sha2-256, ssh-rsa, ecdsa-sha2-nistp256, ssh-ed25519
DEB [20250526-12:20:02.454] thr=1   paramiko.transport: client encrypt: chacha20-poly1305@openssh.com, aes128-ctr, aes192-ctr, aes256-ctr, aes128-gcm@openssh.com, aes256-gcm@openssh.com
DEB [20250526-12:20:02.454] thr=1   paramiko.transport: server encrypt: chacha20-poly1305@openssh.com, aes128-ctr, aes192-ctr, aes256-ctr, aes128-gcm@openssh.com, aes256-gcm@openssh.com
DEB [20250526-12:20:02.454] thr=1   paramiko.transport: client mac: hmac-sha2-256-etm@openssh.com, hmac-sha2-512-etm@openssh.com, hmac-sha2-256, hmac-sha2-512
DEB [20250526-12:20:02.454] thr=1   paramiko.transport: server mac: hmac-sha2-256-etm@openssh.com, hmac-sha2-512-etm@openssh.com, hmac-sha2-256, hmac-sha2-512
DEB [20250526-12:20:02.454] thr=1   paramiko.transport: client compress: none, zlib@openssh.com
DEB [20250526-12:20:02.454] thr=1   paramiko.transport: server compress: none, zlib@openssh.com
DEB [20250526-12:20:02.454] thr=1   paramiko.transport: client lang: <none>
DEB [20250526-12:20:02.454] thr=1   paramiko.transport: server lang: <none>
DEB [20250526-12:20:02.454] thr=1   paramiko.transport: kex follows: False
DEB [20250526-12:20:02.454] thr=1   paramiko.transport: === Key exchange agreements ===
DEB [20250526-12:20:02.454] thr=1   paramiko.transport: Strict kex mode: True
DEB [20250526-12:20:02.454] thr=1   paramiko.transport: Kex: curve25519-sha256@libssh.org
DEB [20250526-12:20:02.454] thr=1   paramiko.transport: HostKey: ssh-ed25519
DEB [20250526-12:20:02.454] thr=1   paramiko.transport: Cipher: aes128-ctr
DEB [20250526-12:20:02.454] thr=1   paramiko.transport: MAC: hmac-sha2-256
DEB [20250526-12:20:02.454] thr=1   paramiko.transport: Compression: none
DEB [20250526-12:20:02.454] thr=1   paramiko.transport: === End of kex handshake ===
DEB [20250526-12:20:02.522] thr=1   paramiko.transport: Resetting outbound seqno after NEWKEYS due to strict mode
DEB [20250526-12:20:02.522] thr=1   paramiko.transport: kex engine KexCurve25519 specified hash_algo <built-in function openssl_sha256>
DEB [20250526-12:20:02.522] thr=1   paramiko.transport: Switch to new keys ...
DEB [20250526-12:20:02.523] thr=1   paramiko.transport: Resetting inbound seqno after NEWKEYS due to strict mode
DEB [20250526-12:20:02.523] thr=1   paramiko.transport: Got EXT_INFO: {'server-sig-algs': b'ssh-ed25519,sk-ssh-ed25519@openssh.com,ssh-rsa,rsa-sha2-256,rsa-sha2-512,ssh-dss,ecdsa-sha2-nistp256,ecdsa-sha2-nistp384,ecdsa-sha2-nistp521,sk-ecdsa-sha2-nistp256@openssh.com,webauthn-sk-ecdsa-sha2-nistp256@openssh.com'}
DEB [20250526-12:20:02.575] thr=1   paramiko.transport: userauth is OK
DEB [20250526-12:20:02.586] thr=1   paramiko.transport: Authentication type (password) not permitted.
DEB [20250526-12:20:02.586] thr=1   paramiko.transport: Allowed methods: ['publickey', 'keyboard-interactive']
DEB [20250526-12:20:02.590] thr=1   paramiko.transport: userauth is OK
INF [20250526-12:20:02.728] thr=1   paramiko.transport: Authentication (keyboard-interactive) successful!
DEB [20250526-12:20:02.728] thr=2   paramiko.transport: [chan 0] Max packet in: 32768 bytes
DEB [20250526-12:20:02.785] thr=1   paramiko.transport: Received global request "hostkeys-00@openssh.com"
DEB [20250526-12:20:02.785] thr=1   paramiko.transport: Rejecting "hostkeys-00@openssh.com" global request from server.
DEB [20250526-12:20:02.787] thr=1   paramiko.transport: [chan 0] Max packet out: 32768 bytes
DEB [20250526-12:20:02.787] thr=1   paramiko.transport: Secsh channel 0 opened.
DEB [20250526-12:20:02.791] thr=1   paramiko.transport: [chan 0] Sesch channel 0 request ok
DEB [20250526-12:20:02.798] thr=1   paramiko.transport: [chan 0] EOF received (0)
DEB [20250526-12:20:02.798] thr=2   paramiko.transport: [chan 0] EOF sent (0)
DEB [20250526-12:20:07.786] thr=1   paramiko.transport: starting thread (client mode): 0x21c4440
DEB [20250526-12:20:07.786] thr=1   paramiko.transport: Local version/idstring: SSH-2.0-paramiko_3.5.1
DEB [20250526-12:20:07.810] thr=1   paramiko.transport: Remote version/idstring: SSH-2.0-OpenSSH_8.4p1 Debian-5+deb11u4
INF [20250526-12:20:07.810] thr=1   paramiko.transport: Connected (version 2.0, client OpenSSH_8.4p1)
DEB [20250526-12:20:07.813] thr=1   paramiko.transport: === Key exchange possibilities ===
DEB [20250526-12:20:07.813] thr=1   paramiko.transport: kex algos: curve25519-sha256, curve25519-sha256@libssh.org, ecdh-sha2-nistp256, ecdh-sha2-nistp384, ecdh-sha2-nistp521, kex-strict-s-v00@openssh.com
DEB [20250526-12:20:07.813] thr=1   paramiko.transport: server key: rsa-sha2-512, rsa-sha2-256, ssh-rsa, ecdsa-sha2-nistp256, ssh-ed25519
DEB [20250526-12:20:07.813] thr=1   paramiko.transport: client encrypt: chacha20-poly1305@openssh.com, aes128-ctr, aes192-ctr, aes256-ctr, aes128-gcm@openssh.com, aes256-gcm@openssh.com
DEB [20250526-12:20:07.813] thr=1   paramiko.transport: server encrypt: chacha20-poly1305@openssh.com, aes128-ctr, aes192-ctr, aes256-ctr, aes128-gcm@openssh.com, aes256-gcm@openssh.com
DEB [20250526-12:20:07.813] thr=1   paramiko.transport: client mac: hmac-sha2-256-etm@openssh.com, hmac-sha2-512-etm@openssh.com, hmac-sha2-256, hmac-sha2-512
DEB [20250526-12:20:07.813] thr=1   paramiko.transport: server mac: hmac-sha2-256-etm@openssh.com, hmac-sha2-512-etm@openssh.com, hmac-sha2-256, hmac-sha2-512
DEB [20250526-12:20:07.813] thr=1   paramiko.transport: client compress: none, zlib@openssh.com
DEB [20250526-12:20:07.813] thr=1   paramiko.transport: server compress: none, zlib@openssh.com
DEB [20250526-12:20:07.813] thr=1   paramiko.transport: client lang: <none>
DEB [20250526-12:20:07.813] thr=1   paramiko.transport: server lang: <none>
DEB [20250526-12:20:07.813] thr=1   paramiko.transport: kex follows: False
DEB [20250526-12:20:07.813] thr=1   paramiko.transport: === Key exchange agreements ===
DEB [20250526-12:20:07.813] thr=1   paramiko.transport: Strict kex mode: True
DEB [20250526-12:20:07.813] thr=1   paramiko.transport: Kex: curve25519-sha256@libssh.org
DEB [20250526-12:20:07.813] thr=1   paramiko.transport: HostKey: ssh-ed25519
DEB [20250526-12:20:07.813] thr=1   paramiko.transport: Cipher: aes128-ctr
DEB [20250526-12:20:07.813] thr=1   paramiko.transport: MAC: hmac-sha2-256
DEB [20250526-12:20:07.813] thr=1   paramiko.transport: Compression: none
DEB [20250526-12:20:07.813] thr=1   paramiko.transport: === End of kex handshake ===
DEB [20250526-12:20:07.884] thr=1   paramiko.transport: Resetting outbound seqno after NEWKEYS due to strict mode
DEB [20250526-12:20:07.884] thr=1   paramiko.transport: kex engine KexCurve25519 specified hash_algo <built-in function openssl_sha256>
DEB [20250526-12:20:07.884] thr=1   paramiko.transport: Switch to new keys ...
DEB [20250526-12:20:07.884] thr=1   paramiko.transport: Resetting inbound seqno after NEWKEYS due to strict mode
DEB [20250526-12:20:07.884] thr=1   paramiko.transport: Got EXT_INFO: {'server-sig-algs': b'ssh-ed25519,sk-ssh-ed25519@openssh.com,ssh-rsa,rsa-sha2-256,rsa-sha2-512,ssh-dss,ecdsa-sha2-nistp256,ecdsa-sha2-nistp384,ecdsa-sha2-nistp521,sk-ecdsa-sha2-nistp256@openssh.com,webauthn-sk-ecdsa-sha2-nistp256@openssh.com'}
DEB [20250526-12:20:07.945] thr=1   paramiko.transport: userauth is OK
DEB [20250526-12:20:07.956] thr=1   paramiko.transport: Authentication type (password) not permitted.
DEB [20250526-12:20:07.956] thr=1   paramiko.transport: Allowed methods: ['publickey', 'keyboard-interactive']
DEB [20250526-12:20:07.960] thr=1   paramiko.transport: userauth is OK
INF [20250526-12:20:08.101] thr=1   paramiko.transport: Authentication (keyboard-interactive) successful!
DEB [20250526-12:20:08.101] thr=2   paramiko.transport: [chan 0] Max packet in: 32768 bytes
DEB [20250526-12:20:08.169] thr=1   paramiko.transport: Received global request "hostkeys-00@openssh.com"
DEB [20250526-12:20:08.170] thr=1   paramiko.transport: Rejecting "hostkeys-00@openssh.com" global request from server.
DEB [20250526-12:20:08.172] thr=1   paramiko.transport: [chan 0] Max packet out: 32768 bytes
DEB [20250526-12:20:08.172] thr=1   paramiko.transport: Secsh channel 0 opened.
DEB [20250526-12:20:08.176] thr=1   paramiko.transport: [chan 0] Sesch channel 0 request ok
DEB [20250526-12:20:08.188] thr=1   paramiko.transport: [chan 0] EOF received (0)
DEB [20250526-12:20:08.188] thr=2   paramiko.transport: [chan 0] EOF sent (0)
DEB [20250526-12:20:54.038] thr=1   paramiko.transport: starting thread (client mode): 0x25d0440
DEB [20250526-12:20:54.038] thr=1   paramiko.transport: Local version/idstring: SSH-2.0-paramiko_3.5.1
DEB [20250526-12:20:54.063] thr=1   paramiko.transport: Remote version/idstring: SSH-2.0-OpenSSH_8.4p1 Debian-5+deb11u4
INF [20250526-12:20:54.063] thr=1   paramiko.transport: Connected (version 2.0, client OpenSSH_8.4p1)
DEB [20250526-12:20:54.066] thr=1   paramiko.transport: === Key exchange possibilities ===
DEB [20250526-12:20:54.066] thr=1   paramiko.transport: kex algos: curve25519-sha256, curve25519-sha256@libssh.org, ecdh-sha2-nistp256, ecdh-sha2-nistp384, ecdh-sha2-nistp521, kex-strict-s-v00@openssh.com
DEB [20250526-12:20:54.066] thr=1   paramiko.transport: server key: rsa-sha2-512, rsa-sha2-256, ssh-rsa, ecdsa-sha2-nistp256, ssh-ed25519
DEB [20250526-12:20:54.066] thr=1   paramiko.transport: client encrypt: chacha20-poly1305@openssh.com, aes128-ctr, aes192-ctr, aes256-ctr, aes128-gcm@openssh.com, aes256-gcm@openssh.com
DEB [20250526-12:20:54.066] thr=1   paramiko.transport: server encrypt: chacha20-poly1305@openssh.com, aes128-ctr, aes192-ctr, aes256-ctr, aes128-gcm@openssh.com, aes256-gcm@openssh.com
DEB [20250526-12:20:54.066] thr=1   paramiko.transport: client mac: hmac-sha2-256-etm@openssh.com, hmac-sha2-512-etm@openssh.com, hmac-sha2-256, hmac-sha2-512
DEB [20250526-12:20:54.066] thr=1   paramiko.transport: server mac: hmac-sha2-256-etm@openssh.com, hmac-sha2-512-etm@openssh.com, hmac-sha2-256, hmac-sha2-512
DEB [20250526-12:20:54.066] thr=1   paramiko.transport: client compress: none, zlib@openssh.com
DEB [20250526-12:20:54.066] thr=1   paramiko.transport: server compress: none, zlib@openssh.com
DEB [20250526-12:20:54.066] thr=1   paramiko.transport: client lang: <none>
DEB [20250526-12:20:54.066] thr=1   paramiko.transport: server lang: <none>
DEB [20250526-12:20:54.066] thr=1   paramiko.transport: kex follows: False
DEB [20250526-12:20:54.066] thr=1   paramiko.transport: === Key exchange agreements ===
DEB [20250526-12:20:54.066] thr=1   paramiko.transport: Strict kex mode: True
DEB [20250526-12:20:54.066] thr=1   paramiko.transport: Kex: curve25519-sha256@libssh.org
DEB [20250526-12:20:54.066] thr=1   paramiko.transport: HostKey: ssh-ed25519
DEB [20250526-12:20:54.066] thr=1   paramiko.transport: Cipher: aes128-ctr
DEB [20250526-12:20:54.066] thr=1   paramiko.transport: MAC: hmac-sha2-256
DEB [20250526-12:20:54.066] thr=1   paramiko.transport: Compression: none
DEB [20250526-12:20:54.066] thr=1   paramiko.transport: === End of kex handshake ===
DEB [20250526-12:20:54.133] thr=1   paramiko.transport: Resetting outbound seqno after NEWKEYS due to strict mode
DEB [20250526-12:20:54.133] thr=1   paramiko.transport: kex engine KexCurve25519 specified hash_algo <built-in function openssl_sha256>
DEB [20250526-12:20:54.133] thr=1   paramiko.transport: Switch to new keys ...
DEB [20250526-12:20:54.133] thr=1   paramiko.transport: Resetting inbound seqno after NEWKEYS due to strict mode
DEB [20250526-12:20:54.133] thr=1   paramiko.transport: Got EXT_INFO: {'server-sig-algs': b'ssh-ed25519,sk-ssh-ed25519@openssh.com,ssh-rsa,rsa-sha2-256,rsa-sha2-512,ssh-dss,ecdsa-sha2-nistp256,ecdsa-sha2-nistp384,ecdsa-sha2-nistp521,sk-ecdsa-sha2-nistp256@openssh.com,webauthn-sk-ecdsa-sha2-nistp256@openssh.com'}
DEB [20250526-12:20:54.185] thr=1   paramiko.transport: userauth is OK
DEB [20250526-12:20:54.196] thr=1   paramiko.transport: Authentication type (password) not permitted.
DEB [20250526-12:20:54.196] thr=1   paramiko.transport: Allowed methods: ['publickey', 'keyboard-interactive']
DEB [20250526-12:20:54.200] thr=1   paramiko.transport: userauth is OK
INF [20250526-12:20:54.341] thr=1   paramiko.transport: Authentication (keyboard-interactive) successful!
DEB [20250526-12:20:54.341] thr=2   paramiko.transport: [chan 0] Max packet in: 32768 bytes
DEB [20250526-12:20:54.400] thr=1   paramiko.transport: Received global request "hostkeys-00@openssh.com"
DEB [20250526-12:20:54.400] thr=1   paramiko.transport: Rejecting "hostkeys-00@openssh.com" global request from server.
DEB [20250526-12:20:54.403] thr=1   paramiko.transport: [chan 0] Max packet out: 32768 bytes
DEB [20250526-12:20:54.403] thr=1   paramiko.transport: Secsh channel 0 opened.
DEB [20250526-12:20:54.407] thr=1   paramiko.transport: [chan 0] Sesch channel 0 request ok
DEB [20250526-12:21:05.149] thr=2   paramiko.transport: [chan 0] EOF sent (0)
DEB [20250526-12:22:09.500] thr=1   paramiko.transport: starting thread (client mode): 0x47f0440
DEB [20250526-12:22:09.500] thr=1   paramiko.transport: Local version/idstring: SSH-2.0-paramiko_3.5.1
DEB [20250526-12:22:09.525] thr=1   paramiko.transport: Remote version/idstring: SSH-2.0-OpenSSH_8.4p1 Debian-5+deb11u4
INF [20250526-12:22:09.525] thr=1   paramiko.transport: Connected (version 2.0, client OpenSSH_8.4p1)
DEB [20250526-12:22:09.531] thr=1   paramiko.transport: === Key exchange possibilities ===
DEB [20250526-12:22:09.531] thr=1   paramiko.transport: kex algos: curve25519-sha256, curve25519-sha256@libssh.org, ecdh-sha2-nistp256, ecdh-sha2-nistp384, ecdh-sha2-nistp521, kex-strict-s-v00@openssh.com
DEB [20250526-12:22:09.531] thr=1   paramiko.transport: server key: rsa-sha2-512, rsa-sha2-256, ssh-rsa, ecdsa-sha2-nistp256, ssh-ed25519
DEB [20250526-12:22:09.531] thr=1   paramiko.transport: client encrypt: chacha20-poly1305@openssh.com, aes128-ctr, aes192-ctr, aes256-ctr, aes128-gcm@openssh.com, aes256-gcm@openssh.com
DEB [20250526-12:22:09.531] thr=1   paramiko.transport: server encrypt: chacha20-poly1305@openssh.com, aes128-ctr, aes192-ctr, aes256-ctr, aes128-gcm@openssh.com, aes256-gcm@openssh.com
DEB [20250526-12:22:09.531] thr=1   paramiko.transport: client mac: hmac-sha2-256-etm@openssh.com, hmac-sha2-512-etm@openssh.com, hmac-sha2-256, hmac-sha2-512
DEB [20250526-12:22:09.531] thr=1   paramiko.transport: server mac: hmac-sha2-256-etm@openssh.com, hmac-sha2-512-etm@openssh.com, hmac-sha2-256, hmac-sha2-512
DEB [20250526-12:22:09.531] thr=1   paramiko.transport: client compress: none, zlib@openssh.com
DEB [20250526-12:22:09.531] thr=1   paramiko.transport: server compress: none, zlib@openssh.com
DEB [20250526-12:22:09.531] thr=1   paramiko.transport: client lang: <none>
DEB [20250526-12:22:09.531] thr=1   paramiko.transport: server lang: <none>
DEB [20250526-12:22:09.531] thr=1   paramiko.transport: kex follows: False
DEB [20250526-12:22:09.531] thr=1   paramiko.transport: === Key exchange agreements ===
DEB [20250526-12:22:09.531] thr=1   paramiko.transport: Strict kex mode: True
DEB [20250526-12:22:09.531] thr=1   paramiko.transport: Kex: curve25519-sha256@libssh.org
DEB [20250526-12:22:09.531] thr=1   paramiko.transport: HostKey: ssh-ed25519
DEB [20250526-12:22:09.531] thr=1   paramiko.transport: Cipher: aes128-ctr
DEB [20250526-12:22:09.531] thr=1   paramiko.transport: MAC: hmac-sha2-256
DEB [20250526-12:22:09.531] thr=1   paramiko.transport: Compression: none
DEB [20250526-12:22:09.531] thr=1   paramiko.transport: === End of kex handshake ===
DEB [20250526-12:22:09.594] thr=1   paramiko.transport: Resetting outbound seqno after NEWKEYS due to strict mode
DEB [20250526-12:22:09.594] thr=1   paramiko.transport: kex engine KexCurve25519 specified hash_algo <built-in function openssl_sha256>
DEB [20250526-12:22:09.595] thr=1   paramiko.transport: Switch to new keys ...
DEB [20250526-12:22:09.595] thr=1   paramiko.transport: Resetting inbound seqno after NEWKEYS due to strict mode
DEB [20250526-12:22:09.595] thr=1   paramiko.transport: Got EXT_INFO: {'server-sig-algs': b'ssh-ed25519,sk-ssh-ed25519@openssh.com,ssh-rsa,rsa-sha2-256,rsa-sha2-512,ssh-dss,ecdsa-sha2-nistp256,ecdsa-sha2-nistp384,ecdsa-sha2-nistp521,sk-ecdsa-sha2-nistp256@openssh.com,webauthn-sk-ecdsa-sha2-nistp256@openssh.com'}
DEB [20250526-12:22:09.646] thr=1   paramiko.transport: userauth is OK
DEB [20250526-12:22:09.657] thr=1   paramiko.transport: Authentication type (password) not permitted.
DEB [20250526-12:22:09.657] thr=1   paramiko.transport: Allowed methods: ['publickey', 'keyboard-interactive']
DEB [20250526-12:22:09.660] thr=1   paramiko.transport: userauth is OK
INF [20250526-12:22:09.811] thr=1   paramiko.transport: Authentication (keyboard-interactive) successful!
DEB [20250526-12:22:09.811] thr=2   paramiko.transport: [chan 0] Max packet in: 32768 bytes
DEB [20250526-12:22:09.874] thr=1   paramiko.transport: Received global request "hostkeys-00@openssh.com"
DEB [20250526-12:22:09.874] thr=1   paramiko.transport: Rejecting "hostkeys-00@openssh.com" global request from server.
DEB [20250526-12:22:09.876] thr=1   paramiko.transport: [chan 0] Max packet out: 32768 bytes
DEB [20250526-12:22:09.876] thr=1   paramiko.transport: Secsh channel 0 opened.
DEB [20250526-12:22:09.880] thr=1   paramiko.transport: [chan 0] Sesch channel 0 request ok
DEB [20250526-12:22:20.692] thr=2   paramiko.transport: [chan 0] EOF sent (0)
DEB [20250526-12:23:51.248] thr=1   paramiko.transport: starting thread (client mode): 0x694c440
DEB [20250526-12:23:51.248] thr=1   paramiko.transport: Local version/idstring: SSH-2.0-paramiko_3.5.1
DEB [20250526-12:23:51.273] thr=1   paramiko.transport: Remote version/idstring: SSH-2.0-OpenSSH_8.4p1 Debian-5+deb11u4
INF [20250526-12:23:51.273] thr=1   paramiko.transport: Connected (version 2.0, client OpenSSH_8.4p1)
DEB [20250526-12:23:51.277] thr=1   paramiko.transport: === Key exchange possibilities ===
DEB [20250526-12:23:51.277] thr=1   paramiko.transport: kex algos: curve25519-sha256, curve25519-sha256@libssh.org, ecdh-sha2-nistp256, ecdh-sha2-nistp384, ecdh-sha2-nistp521, kex-strict-s-v00@openssh.com
DEB [20250526-12:23:51.277] thr=1   paramiko.transport: server key: rsa-sha2-512, rsa-sha2-256, ssh-rsa, ecdsa-sha2-nistp256, ssh-ed25519
DEB [20250526-12:23:51.277] thr=1   paramiko.transport: client encrypt: chacha20-poly1305@openssh.com, aes128-ctr, aes192-ctr, aes256-ctr, aes128-gcm@openssh.com, aes256-gcm@openssh.com
DEB [20250526-12:23:51.277] thr=1   paramiko.transport: server encrypt: chacha20-poly1305@openssh.com, aes128-ctr, aes192-ctr, aes256-ctr, aes128-gcm@openssh.com, aes256-gcm@openssh.com
DEB [20250526-12:23:51.277] thr=1   paramiko.transport: client mac: hmac-sha2-256-etm@openssh.com, hmac-sha2-512-etm@openssh.com, hmac-sha2-256, hmac-sha2-512
DEB [20250526-12:23:51.277] thr=1   paramiko.transport: server mac: hmac-sha2-256-etm@openssh.com, hmac-sha2-512-etm@openssh.com, hmac-sha2-256, hmac-sha2-512
DEB [20250526-12:23:51.277] thr=1   paramiko.transport: client compress: none, zlib@openssh.com
DEB [20250526-12:23:51.277] thr=1   paramiko.transport: server compress: none, zlib@openssh.com
DEB [20250526-12:23:51.277] thr=1   paramiko.transport: client lang: <none>
DEB [20250526-12:23:51.277] thr=1   paramiko.transport: server lang: <none>
DEB [20250526-12:23:51.277] thr=1   paramiko.transport: kex follows: False
DEB [20250526-12:23:51.277] thr=1   paramiko.transport: === Key exchange agreements ===
DEB [20250526-12:23:51.277] thr=1   paramiko.transport: Strict kex mode: True
DEB [20250526-12:23:51.277] thr=1   paramiko.transport: Kex: curve25519-sha256@libssh.org
DEB [20250526-12:23:51.277] thr=1   paramiko.transport: HostKey: ssh-ed25519
DEB [20250526-12:23:51.277] thr=1   paramiko.transport: Cipher: aes128-ctr
DEB [20250526-12:23:51.277] thr=1   paramiko.transport: MAC: hmac-sha2-256
DEB [20250526-12:23:51.277] thr=1   paramiko.transport: Compression: none
DEB [20250526-12:23:51.277] thr=1   paramiko.transport: === End of kex handshake ===
DEB [20250526-12:23:51.345] thr=1   paramiko.transport: Resetting outbound seqno after NEWKEYS due to strict mode
DEB [20250526-12:23:51.345] thr=1   paramiko.transport: kex engine KexCurve25519 specified hash_algo <built-in function openssl_sha256>
DEB [20250526-12:23:51.346] thr=1   paramiko.transport: Switch to new keys ...
DEB [20250526-12:23:51.346] thr=1   paramiko.transport: Resetting inbound seqno after NEWKEYS due to strict mode
DEB [20250526-12:23:51.346] thr=1   paramiko.transport: Got EXT_INFO: {'server-sig-algs': b'ssh-ed25519,sk-ssh-ed25519@openssh.com,ssh-rsa,rsa-sha2-256,rsa-sha2-512,ssh-dss,ecdsa-sha2-nistp256,ecdsa-sha2-nistp384,ecdsa-sha2-nistp521,sk-ecdsa-sha2-nistp256@openssh.com,webauthn-sk-ecdsa-sha2-nistp256@openssh.com'}
DEB [20250526-12:23:51.396] thr=1   paramiko.transport: userauth is OK
DEB [20250526-12:23:51.407] thr=1   paramiko.transport: Authentication type (password) not permitted.
DEB [20250526-12:23:51.407] thr=1   paramiko.transport: Allowed methods: ['publickey', 'keyboard-interactive']
DEB [20250526-12:23:51.410] thr=1   paramiko.transport: userauth is OK
INF [20250526-12:23:51.553] thr=1   paramiko.transport: Authentication (keyboard-interactive) successful!
DEB [20250526-12:23:51.553] thr=2   paramiko.transport: [chan 0] Max packet in: 32768 bytes
DEB [20250526-12:23:51.628] thr=1   paramiko.transport: Received global request "hostkeys-00@openssh.com"
DEB [20250526-12:23:51.628] thr=1   paramiko.transport: Rejecting "hostkeys-00@openssh.com" global request from server.
DEB [20250526-12:23:51.630] thr=1   paramiko.transport: [chan 0] Max packet out: 32768 bytes
DEB [20250526-12:23:51.630] thr=1   paramiko.transport: Secsh channel 0 opened.
DEB [20250526-12:23:51.634] thr=1   paramiko.transport: [chan 0] Sesch channel 0 request ok
DEB [20250526-12:24:02.566] thr=1   paramiko.transport: [chan 0] EOF received (0)
DEB [20250526-12:24:02.566] thr=2   paramiko.transport: [chan 0] EOF sent (0)
DEB [20250526-12:24:53.627] thr=1   paramiko.transport: starting thread (client mode): 0x6d4c440
DEB [20250526-12:24:53.627] thr=1   paramiko.transport: Local version/idstring: SSH-2.0-paramiko_3.5.1
DEB [20250526-12:24:53.652] thr=1   paramiko.transport: Remote version/idstring: SSH-2.0-OpenSSH_8.4p1 Debian-5+deb11u4
INF [20250526-12:24:53.652] thr=1   paramiko.transport: Connected (version 2.0, client OpenSSH_8.4p1)
DEB [20250526-12:24:53.654] thr=1   paramiko.transport: === Key exchange possibilities ===
DEB [20250526-12:24:53.654] thr=1   paramiko.transport: kex algos: curve25519-sha256, curve25519-sha256@libssh.org, ecdh-sha2-nistp256, ecdh-sha2-nistp384, ecdh-sha2-nistp521, kex-strict-s-v00@openssh.com
DEB [20250526-12:24:53.654] thr=1   paramiko.transport: server key: rsa-sha2-512, rsa-sha2-256, ssh-rsa, ecdsa-sha2-nistp256, ssh-ed25519
DEB [20250526-12:24:53.654] thr=1   paramiko.transport: client encrypt: chacha20-poly1305@openssh.com, aes128-ctr, aes192-ctr, aes256-ctr, aes128-gcm@openssh.com, aes256-gcm@openssh.com
DEB [20250526-12:24:53.654] thr=1   paramiko.transport: server encrypt: chacha20-poly1305@openssh.com, aes128-ctr, aes192-ctr, aes256-ctr, aes128-gcm@openssh.com, aes256-gcm@openssh.com
DEB [20250526-12:24:53.654] thr=1   paramiko.transport: client mac: hmac-sha2-256-etm@openssh.com, hmac-sha2-512-etm@openssh.com, hmac-sha2-256, hmac-sha2-512
DEB [20250526-12:24:53.654] thr=1   paramiko.transport: server mac: hmac-sha2-256-etm@openssh.com, hmac-sha2-512-etm@openssh.com, hmac-sha2-256, hmac-sha2-512
DEB [20250526-12:24:53.654] thr=1   paramiko.transport: client compress: none, zlib@openssh.com
DEB [20250526-12:24:53.654] thr=1   paramiko.transport: server compress: none, zlib@openssh.com
DEB [20250526-12:24:53.654] thr=1   paramiko.transport: client lang: <none>
DEB [20250526-12:24:53.654] thr=1   paramiko.transport: server lang: <none>
DEB [20250526-12:24:53.654] thr=1   paramiko.transport: kex follows: False
DEB [20250526-12:24:53.654] thr=1   paramiko.transport: === Key exchange agreements ===
DEB [20250526-12:24:53.654] thr=1   paramiko.transport: Strict kex mode: True
DEB [20250526-12:24:53.654] thr=1   paramiko.transport: Kex: curve25519-sha256@libssh.org
DEB [20250526-12:24:53.654] thr=1   paramiko.transport: HostKey: ssh-ed25519
DEB [20250526-12:24:53.654] thr=1   paramiko.transport: Cipher: aes128-ctr
DEB [20250526-12:24:53.654] thr=1   paramiko.transport: MAC: hmac-sha2-256
DEB [20250526-12:24:53.654] thr=1   paramiko.transport: Compression: none
DEB [20250526-12:24:53.654] thr=1   paramiko.transport: === End of kex handshake ===
DEB [20250526-12:24:53.720] thr=1   paramiko.transport: Resetting outbound seqno after NEWKEYS due to strict mode
DEB [20250526-12:24:53.720] thr=1   paramiko.transport: kex engine KexCurve25519 specified hash_algo <built-in function openssl_sha256>
DEB [20250526-12:24:53.721] thr=1   paramiko.transport: Switch to new keys ...
DEB [20250526-12:24:53.721] thr=1   paramiko.transport: Resetting inbound seqno after NEWKEYS due to strict mode
DEB [20250526-12:24:53.721] thr=1   paramiko.transport: Got EXT_INFO: {'server-sig-algs': b'ssh-ed25519,sk-ssh-ed25519@openssh.com,ssh-rsa,rsa-sha2-256,rsa-sha2-512,ssh-dss,ecdsa-sha2-nistp256,ecdsa-sha2-nistp384,ecdsa-sha2-nistp521,sk-ecdsa-sha2-nistp256@openssh.com,webauthn-sk-ecdsa-sha2-nistp256@openssh.com'}
DEB [20250526-12:24:53.781] thr=1   paramiko.transport: userauth is OK
DEB [20250526-12:24:53.792] thr=1   paramiko.transport: Authentication type (password) not permitted.
DEB [20250526-12:24:53.792] thr=1   paramiko.transport: Allowed methods: ['publickey', 'keyboard-interactive']
DEB [20250526-12:24:53.795] thr=1   paramiko.transport: userauth is OK
INF [20250526-12:24:53.932] thr=1   paramiko.transport: Authentication (keyboard-interactive) successful!
DEB [20250526-12:24:53.933] thr=2   paramiko.transport: [chan 0] Max packet in: 32768 bytes
DEB [20250526-12:24:53.993] thr=1   paramiko.transport: Received global request "hostkeys-00@openssh.com"
DEB [20250526-12:24:53.993] thr=1   paramiko.transport: Rejecting "hostkeys-00@openssh.com" global request from server.
DEB [20250526-12:24:53.997] thr=1   paramiko.transport: [chan 0] Max packet out: 32768 bytes
DEB [20250526-12:24:53.997] thr=1   paramiko.transport: Secsh channel 0 opened.
DEB [20250526-12:24:54.000] thr=1   paramiko.transport: [chan 0] Sesch channel 0 request ok
DEB [20250526-12:25:05.047] thr=2   paramiko.transport: [chan 0] EOF sent (0)
DEB [20250526-12:25:14.701] thr=1   paramiko.transport: starting thread (client mode): 0x5f40440
DEB [20250526-12:25:14.701] thr=1   paramiko.transport: Local version/idstring: SSH-2.0-paramiko_3.5.1
DEB [20250526-12:25:14.725] thr=1   paramiko.transport: Remote version/idstring: SSH-2.0-OpenSSH_8.4p1 Debian-5+deb11u4
INF [20250526-12:25:14.725] thr=1   paramiko.transport: Connected (version 2.0, client OpenSSH_8.4p1)
DEB [20250526-12:25:14.728] thr=1   paramiko.transport: === Key exchange possibilities ===
DEB [20250526-12:25:14.728] thr=1   paramiko.transport: kex algos: curve25519-sha256, curve25519-sha256@libssh.org, ecdh-sha2-nistp256, ecdh-sha2-nistp384, ecdh-sha2-nistp521, kex-strict-s-v00@openssh.com
DEB [20250526-12:25:14.728] thr=1   paramiko.transport: server key: rsa-sha2-512, rsa-sha2-256, ssh-rsa, ecdsa-sha2-nistp256, ssh-ed25519
DEB [20250526-12:25:14.728] thr=1   paramiko.transport: client encrypt: chacha20-poly1305@openssh.com, aes128-ctr, aes192-ctr, aes256-ctr, aes128-gcm@openssh.com, aes256-gcm@openssh.com
DEB [20250526-12:25:14.728] thr=1   paramiko.transport: server encrypt: chacha20-poly1305@openssh.com, aes128-ctr, aes192-ctr, aes256-ctr, aes128-gcm@openssh.com, aes256-gcm@openssh.com
DEB [20250526-12:25:14.728] thr=1   paramiko.transport: client mac: hmac-sha2-256-etm@openssh.com, hmac-sha2-512-etm@openssh.com, hmac-sha2-256, hmac-sha2-512
DEB [20250526-12:25:14.728] thr=1   paramiko.transport: server mac: hmac-sha2-256-etm@openssh.com, hmac-sha2-512-etm@openssh.com, hmac-sha2-256, hmac-sha2-512
DEB [20250526-12:25:14.728] thr=1   paramiko.transport: client compress: none, zlib@openssh.com
DEB [20250526-12:25:14.728] thr=1   paramiko.transport: server compress: none, zlib@openssh.com
DEB [20250526-12:25:14.728] thr=1   paramiko.transport: client lang: <none>
DEB [20250526-12:25:14.728] thr=1   paramiko.transport: server lang: <none>
DEB [20250526-12:25:14.728] thr=1   paramiko.transport: kex follows: False
DEB [20250526-12:25:14.728] thr=1   paramiko.transport: === Key exchange agreements ===
DEB [20250526-12:25:14.728] thr=1   paramiko.transport: Strict kex mode: True
DEB [20250526-12:25:14.728] thr=1   paramiko.transport: Kex: curve25519-sha256@libssh.org
DEB [20250526-12:25:14.728] thr=1   paramiko.transport: HostKey: ssh-ed25519
DEB [20250526-12:25:14.728] thr=1   paramiko.transport: Cipher: aes128-ctr
DEB [20250526-12:25:14.728] thr=1   paramiko.transport: MAC: hmac-sha2-256
DEB [20250526-12:25:14.728] thr=1   paramiko.transport: Compression: none
DEB [20250526-12:25:14.728] thr=1   paramiko.transport: === End of kex handshake ===
DEB [20250526-12:25:14.809] thr=1   paramiko.transport: Resetting outbound seqno after NEWKEYS due to strict mode
DEB [20250526-12:25:14.809] thr=1   paramiko.transport: kex engine KexCurve25519 specified hash_algo <built-in function openssl_sha256>
DEB [20250526-12:25:14.810] thr=1   paramiko.transport: Switch to new keys ...
DEB [20250526-12:25:14.810] thr=1   paramiko.transport: Resetting inbound seqno after NEWKEYS due to strict mode
DEB [20250526-12:25:14.810] thr=1   paramiko.transport: Got EXT_INFO: {'server-sig-algs': b'ssh-ed25519,sk-ssh-ed25519@openssh.com,ssh-rsa,rsa-sha2-256,rsa-sha2-512,ssh-dss,ecdsa-sha2-nistp256,ecdsa-sha2-nistp384,ecdsa-sha2-nistp521,sk-ecdsa-sha2-nistp256@openssh.com,webauthn-sk-ecdsa-sha2-nistp256@openssh.com'}
DEB [20250526-12:25:14.862] thr=1   paramiko.transport: userauth is OK
DEB [20250526-12:25:14.874] thr=1   paramiko.transport: Authentication type (password) not permitted.
DEB [20250526-12:25:14.874] thr=1   paramiko.transport: Allowed methods: ['publickey', 'keyboard-interactive']
DEB [20250526-12:25:14.877] thr=1   paramiko.transport: userauth is OK
INF [20250526-12:25:15.020] thr=1   paramiko.transport: Authentication (keyboard-interactive) successful!
DEB [20250526-12:25:15.020] thr=2   paramiko.transport: [chan 0] Max packet in: 32768 bytes
DEB [20250526-12:25:15.101] thr=1   paramiko.transport: Received global request "hostkeys-00@openssh.com"
DEB [20250526-12:25:15.101] thr=1   paramiko.transport: Rejecting "hostkeys-00@openssh.com" global request from server.
DEB [20250526-12:25:15.104] thr=1   paramiko.transport: [chan 0] Max packet out: 32768 bytes
DEB [20250526-12:25:15.104] thr=1   paramiko.transport: Secsh channel 0 opened.
DEB [20250526-12:25:15.107] thr=1   paramiko.transport: [chan 0] Sesch channel 0 request ok
DEB [20250526-12:25:24.863] thr=2   paramiko.transport: [chan 0] EOF sent (0)
